<?xml version="1.0" encoding="UTF-8"?>
<testsuite xmlns:xsi="http://www.w3.org/2001/XMLSchema-instance" xsi:noNamespaceSchemaLocation="https://maven.apache.org/surefire/maven-surefire-plugin/xsd/surefire-test-report-3.0.xsd" version="3.0" name="ucu.edu.aed.tda.grafo.DirectedGraphTest" time="0.088" tests="6" errors="1" skipped="0" failures="0">
  <properties>
[...]
</properties>
  <testcase name="testAgregarVerticeNuevo" classname="ucu.edu.aed.tda.grafo.DirectedGraphTest" time="0.031"/>
  <testcase name="testAgregarVerticeNull" classname="ucu.edu.aed.tda.grafo.DirectedGraphTest" time="0.002"/>
  <testcase name="testAgregarVerticeDuplicado" classname="ucu.edu.aed.tda.grafo.DirectedGraphTest" time="0.001"/>
  <testcase name="testAgregarAristaValida" classname="ucu.edu.aed.tda.grafo.DirectedGraphTest" time="0.002"/>
  <testcase name="testBuscarVerticeExistente" classname="ucu.edu.aed.tda.grafo.DirectedGraphTest" time="0.003"/>
  <testcase name="testVaciar" classname="ucu.edu.aed.tda.grafo.DirectedGraphTest" time="0.007">
    <error message="Metodo no implementado todavia" type="java.lang.UnsupportedOperationException"><![CDATA[java.lang.UnsupportedOperationException: Metodo no implementado todavia
	at ucu.edu.aed.tda.grafo.DirectedGraph.aristas(DirectedGraph.java:91)
	at ucu.edu.aed.tda.grafo.DirectedGraphTest.testVaciar(DirectedGraphTest.java:63)
	at java.base/java.lang.reflect.Method.invoke(Method.java:569)
	at java.base/java.util.ArrayList.forEach(ArrayList.java:1511)
	at java.base/java.util.ArrayList.forEach(ArrayList.java:1511)
]]></error>
  </testcase>
</testsuite>