<?xml version="1.0" encoding="UTF-8"?>
<testsuite xmlns:xsi="http://www.w3.org/2001/XMLSchema-instance" xsi:noNamespaceSchemaLocation="https://maven.apache.org/surefire/maven-surefire-plugin/xsd/surefire-test-report-3.0.xsd" version="3.0" name="ucu.edu.aed.tda.grafo.DirectedGraphAlgorithmFloydTest" time="0.031" tests="10" errors="0" skipped="0" failures="0">
  <properties>
[...]
</properties>
  <testcase name="floydSoportaPesosNegativosSinCicloNegativo" classname="ucu.edu.aed.tda.grafo.DirectedGraphAlgorithmFloydTest" time="0.003"/>
  <testcase name="floydReportaConectividadCorrectamente" classname="ucu.edu.aed.tda.grafo.DirectedGraphAlgorithmFloydTest" time="0.002"/>
  <testcase name="floydRespetaDireccionDeAristas" classname="ucu.edu.aed.tda.grafo.DirectedGraphAlgorithmFloydTest" time="0.003"/>
  <testcase name="floydCalculaCostosYCaminosMinimosEntreTodosLosPares" classname="ucu.edu.aed.tda.grafo.DirectedGraphAlgorithmFloydTest" time="0.001"/>
  <testcase name="floydSoportaAristasConPesoCero" classname="ucu.edu.aed.tda.grafo.DirectedGraphAlgorithmFloydTest" time="0.001"/>
  <testcase name="floydConUnSoloVertice" classname="ucu.edu.aed.tda.grafo.DirectedGraphAlgorithmFloydTest" time="0.001"/>
  <testcase name="floydConVerticesInexistentesRetornaInfinitoYCaminoVacio" classname="ucu.edu.aed.tda.grafo.DirectedGraphAlgorithmFloydTest" time="0.002"/>
  <testcase name="floydConGrafoVacioNoFalla" classname="ucu.edu.aed.tda.grafo.DirectedGraphAlgorithmFloydTest" time="0.001"/>
  <testcase name="floydPuedeMejorarUnCaminoDirectoUsandoVerticesIntermedios" classname="ucu.edu.aed.tda.grafo.DirectedGraphAlgorithmFloydTest" time="0.001"/>
  <testcase name="floydMantieneCostoCeroHaciaElMismoVerticeAunqueExistaAutoAristaPositiva" classname="ucu.edu.aed.tda.grafo.DirectedGraphAlgorithmFloydTest" time="0.0"/>
</testsuite>