-------------------------------------------------------------------------------
Test set: ucu.edu.aed.tda.grafo.UndirectedGraphAlgorithmsTests
-------------------------------------------------------------------------------
Tests run: 13, Failures: 1, Errors: 3, Skipped: 0, Time elapsed: 0.042 s <<< FAILURE! -- in ucu.edu.aed.tda.grafo.UndirectedGraphAlgorithmsTests
ucu.edu.aed.tda.grafo.UndirectedGraphAlgorithmsTests.primNormal -- Time elapsed: 0.012 s <<< ERROR!
java.lang.NullPointerException: Cannot invoke "ucu.edu.aed.tda.grafo.IUndirectedGraph.aristas()" because "prim" is null
	at ucu.edu.aed.tda.grafo.UndirectedGraphAlgorithmsTests.primNormal(UndirectedGraphAlgorithmsTests.java:108)
	at java.base/java.lang.reflect.Method.invoke(Method.java:569)
	at java.base/java.util.ArrayList.forEach(ArrayList.java:1511)
	at java.base/java.util.ArrayList.forEach(ArrayList.java:1511)

ucu.edu.aed.tda.grafo.UndirectedGraphAlgorithmsTests.primArbolDesconectado -- Time elapsed: 0.001 s <<< ERROR!
java.lang.NullPointerException: Cannot invoke "ucu.edu.aed.tda.grafo.IUndirectedGraph.vertices()" because "prim" is null
	at ucu.edu.aed.tda.grafo.UndirectedGraphAlgorithmsTests.primArbolDesconectado(UndirectedGraphAlgorithmsTests.java:126)
	at java.base/java.lang.reflect.Method.invoke(Method.java:569)
	at java.base/java.util.ArrayList.forEach(ArrayList.java:1511)
	at java.base/java.util.ArrayList.forEach(ArrayList.java:1511)

ucu.edu.aed.tda.grafo.UndirectedGraphAlgorithmsTests.primRecievesGraphWithOneNode -- Time elapsed: 0.002 s <<< ERROR!
java.lang.NullPointerException: Cannot invoke "ucu.edu.aed.tda.grafo.IUndirectedGraph.aristas()" because "prim" is null
	at ucu.edu.aed.tda.grafo.UndirectedGraphAlgorithmsTests.primRecievesGraphWithOneNode(UndirectedGraphAlgorithmsTests.java:98)
	at java.base/java.lang.reflect.Method.invoke(Method.java:569)
	at java.base/java.util.ArrayList.forEach(ArrayList.java:1511)
	at java.base/java.util.ArrayList.forEach(ArrayList.java:1511)

ucu.edu.aed.tda.grafo.UndirectedGraphAlgorithmsTests.primArbolVacio -- Time elapsed: 0.003 s <<< FAILURE!
org.opentest4j.AssertionFailedError: expected: not <null>
	at org.junit.jupiter.api.AssertionFailureBuilder.build(AssertionFailureBuilder.java:152)
	at org.junit.jupiter.api.AssertionFailureBuilder.buildAndThrow(AssertionFailureBuilder.java:132)
	at org.junit.jupiter.api.AssertNotNull.failNull(AssertNotNull.java:49)
	at org.junit.jupiter.api.AssertNotNull.assertNotNull(AssertNotNull.java:35)
	at org.junit.jupiter.api.AssertNotNull.assertNotNull(AssertNotNull.java:30)
	at org.junit.jupiter.api.Assertions.assertNotNull(Assertions.java:304)
	at ucu.edu.aed.tda.grafo.UndirectedGraphAlgorithmsTests.primArbolVacio(UndirectedGraphAlgorithmsTests.java:87)
	at java.base/java.lang.reflect.Method.invoke(Method.java:569)
	at java.base/java.util.ArrayList.forEach(ArrayList.java:1511)
	at java.base/java.util.ArrayList.forEach(ArrayList.java:1511)

